make.exe --dry-run --always-make --keep-going --print-directory
make: Entering directory '/d/PPs/firstgba'
 
[ -d build ] || mkdir -p build
make BUILDDIR=`cd build && pwd` --no-print-directory -C build -f /d/PPs/firstgba/Makefile
 
echo food.c
arm-none-eabi-gcc -MMD -MP -MF /d/PPs/firstgba/build/food.d -g -Wall -O3 -mcpu=arm7tdmi -mtune=arm7tdmi -fomit-frame-pointer -ffast-math -mthumb -mthumb-interwork -iquote /d/PPs/firstgba/include -iquote /d/PPs/firstgba/resources -I/opt/devkitpro/libgba/include -ID:/PPs/tonc-code/code/tonclib/include -I/d/PPs/firstgba/build -c /d/PPs/firstgba/source/food.c -o food.o 
echo game.c
arm-none-eabi-gcc -MMD -MP -MF /d/PPs/firstgba/build/game.d -g -Wall -O3 -mcpu=arm7tdmi -mtune=arm7tdmi -fomit-frame-pointer -ffast-math -mthumb -mthumb-interwork -iquote /d/PPs/firstgba/include -iquote /d/PPs/firstgba/resources -I/opt/devkitpro/libgba/include -ID:/PPs/tonc-code/code/tonclib/include -I/d/PPs/firstgba/build -c /d/PPs/firstgba/source/game.c -o game.o 
echo main.c
arm-none-eabi-gcc -MMD -MP -MF /d/PPs/firstgba/build/main.d -g -Wall -O3 -mcpu=arm7tdmi -mtune=arm7tdmi -fomit-frame-pointer -ffast-math -mthumb -mthumb-interwork -iquote /d/PPs/firstgba/include -iquote /d/PPs/firstgba/resources -I/opt/devkitpro/libgba/include -ID:/PPs/tonc-code/code/tonclib/include -I/d/PPs/firstgba/build -c /d/PPs/firstgba/source/main.c -o main.o 
 
echo object.c
arm-none-eabi-gcc -MMD -MP -MF /d/PPs/firstgba/build/object.d -g -Wall -O3 -mcpu=arm7tdmi -mtune=arm7tdmi -fomit-frame-pointer -ffast-math -mthumb -mthumb-interwork -iquote /d/PPs/firstgba/include -iquote /d/PPs/firstgba/resources -I/opt/devkitpro/libgba/include -ID:/PPs/tonc-code/code/tonclib/include -I/d/PPs/firstgba/build -c /d/PPs/firstgba/source/object.c -o object.o 
 
echo snake.c
arm-none-eabi-gcc -MMD -MP -MF /d/PPs/firstgba/build/snake.d -g -Wall -O3 -mcpu=arm7tdmi -mtune=arm7tdmi -fomit-frame-pointer -ffast-math -mthumb -mthumb-interwork -iquote /d/PPs/firstgba/include -iquote /d/PPs/firstgba/resources -I/opt/devkitpro/libgba/include -ID:/PPs/tonc-code/code/tonclib/include -I/d/PPs/firstgba/build -c /d/PPs/firstgba/source/snake.c -o snake.o 
 
echo linking cartridge
arm-none-eabi-gcc  -g -mthumb -mthumb-interwork -Wl,-Map,firstgba.map -specs=gba.specs   food.o game.o main.o object.o snake.o  -L/opt/devkitpro/libgba/lib -LD:/PPs/tonc-code/code/tonclib/lib -lmm -lgba -ltonc -o /d/PPs/firstgba/firstgba.elf
arm-none-eabi-objcopy -O binary /d/PPs/firstgba/firstgba.elf /d/PPs/firstgba/firstgba.gba
echo built ... firstgba.gba
gbafix /d/PPs/firstgba/firstgba.gba
 
make: Leaving directory '/d/PPs/firstgba'
 
